#
# There is insufficient memory for the Java Runtime Environment to continue.
# Native memory allocation (mmap) failed to map 268435456 bytes for G1 virtual space
# Possible reasons:
#   The system is out of physical RAM or swap space
#   The process is running with CompressedOops enabled, and the Java Heap may be blocking the growth of the native heap
# Possible solutions:
#   Reduce memory load on the system
#   Increase physical memory or swap space
#   Check if swap backing store is full
#   Decrease Java heap size (-Xmx/-Xms)
#   Decrease number of Java threads
#   Decrease Java thread stack sizes (-Xss)
#   Set larger code cache with -XX:ReservedCodeCacheSize=
#   JVM is running with Zero Based Compressed Oops mode in which the Java heap is
#     placed in the first 32GB address space. The Java Heap base address is the
#     maximum limit for the native heap growth. Please use -XX:HeapBaseMinAddress
#     to set the Java Heap base and to place the Java Heap above 32GB virtual address.
# This output file may be truncated or incomplete.
#
#  Out of Memory Error (./open/src/hotspot/os/windows/os_windows.cpp:3472), pid=15964, tid=15720
#
# JRE version:  (15.0.1+9) (build )
# Java VM: Java HotSpot(TM) 64-Bit Server VM (15.0.1+9-18, mixed mode, sharing, tiered, compressed oops, g1 gc, windows-amd64)
# No core dump will be written. Minidumps are not enabled by default on client versions of Windows
#

---------------  S U M M A R Y ------------

Command Line: -Dfile.encoding=UTF-8 --module-path=K:\Обучение\2 Trimester\Java\NET\END_V1\build\classes Shop

Host: AMD Ryzen 5 2600 Six-Core Processor            , 12 cores, 15G,  Windows 10 , 64 bit Build 19041 (10.0.19041.804)
Time: Sun Mar  7 19:20:06 2021 Центральная Азия (зима) elapsed time: 0.008740 seconds (0d 0h 0m 0s)

---------------  T H R E A D  ---------------

Current thread (0x000001e4a5d42710):  JavaThread "Unknown thread" [_thread_in_vm, id=15720, stack(0x0000005744e00000,0x0000005744f00000)]

Stack: [0x0000005744e00000,0x0000005744f00000]
Native frames: (J=compiled Java code, j=interpreted, Vv=VM code, C=native code)
V  [jvm.dll+0x62ae9a]
V  [jvm.dll+0x781389]
V  [jvm.dll+0x782ae3]
V  [jvm.dll+0x783143]
V  [jvm.dll+0x216265]
V  [jvm.dll+0x6281d9]
V  [jvm.dll+0x61cd15]
V  [jvm.dll+0x2d01fd]
V  [jvm.dll+0x2d0062]
V  [jvm.dll+0x2d603c]
V  [jvm.dll+0x325b2a]
V  [jvm.dll+0x3251f4]
V  [jvm.dll+0x2a717a]
V  [jvm.dll+0x2a8318]
V  [jvm.dll+0x75e101]
V  [jvm.dll+0x3343e4]
V  [jvm.dll+0x73e826]
V  [jvm.dll+0x3b7777]
V  [jvm.dll+0x3b9201]
C  [jli.dll+0x52fb]
C  [ucrtbase.dll+0x21bb2]
C  [KERNEL32.DLL+0x17034]
C  [ntdll.dll+0x4d241]


---------------  P R O C E S S  ---------------

Threads class SMR info:
_java_thread_list=0x00007ffa02614ff0, length=0, elements={
}

Java Threads: ( => current thread )

Other Threads:
  0x000001e4a5d90c30 GCTaskThread "GC Thread#0" [stack: 0x0000005744f00000,0x0000005745000000] [id=1392]
  0x000001e4a5da3c20 ConcurrentGCThread "G1 Main Marker" [stack: 0x0000005745000000,0x0000005745100000] [id=16416]
  0x000001e4a5da5ec0 ConcurrentGCThread "G1 Conc#0" [stack: 0x0000005745100000,0x0000005745200000] [id=16428]

[error occurred during error reporting (printing all threads), id 0xc0000005, EXCEPTION_ACCESS_VIOLATION (0xc0000005) at pc=0x00007ffa01e08047]

VM state: not at safepoint (not fully initialized)

VM Mutex/Monitor currently owned by a thread:  ([mutex/lock_event])
[0x000001e4a5d3ef80] Heap_lock - owner thread: 0x000001e4a5d42710

Heap address: 0x0000000701000000, size: 4080 MB, Compressed Oops mode: Zero based, Oop shift amount: 3
CDS archive(s) mapped at: [0x0000000000000000-0x0000000000000000-0x0000000000000000), size 0, SharedBaseAddress: 0x0000000800000000, ArchiveRelocationMode: 0.
Narrow klass base: 0x0000000000000000, Narrow klass shift: 0, Narrow klass range: 0x0

Heap:
 garbage-first heap   total 262144K, used 0K [0x0000000701000000, 0x0000000800000000)
  region size 2048K, 0 young (0K), 0 survivors (0K)
 Metaspace       used 0K, capacity 0K, committed 0K, reserved 0K
  class space    used 0K, capacity 0K, committed 0K, reserved 0K

Heap Regions: E=young(eden), S=young(survivor), O=old, HS=humongous(starts), HC=humongous(continues), CS=collection set, F=free, OA=open archive, CA=closed archive, TAMS=top-at-mark-start (previous, next)

Card table byte_map: [0x000001e4bdcd0000,0x000001e4be4d0000] _byte_map_base: 0x000001e4ba4c8000

Marking Bits (Prev, Next): (CMBitMap*) 0x000001e4a5d923b0, (CMBitMap*) 0x000001e4a5d923f0
 Prev Bits: [0x000001e4becd0000, 0x000001e4c2c90000)
 Next Bits: [0x000001e4c2c90000, 0x000001e4c6c50000)

GC Heap History (0 events):
No events

Deoptimization events (0 events):
No events

Classes unloaded (0 events):
No events

Classes redefined (0 events):
No events

Internal exceptions (0 events):
No events

Events (1 events):
Event: 0.004 Loaded shared library C:\Program Files\Java\jdk-15.0.1\bin\java.dll


Dynamic libraries:
0x00007ff6f00d0000 - 0x00007ff6f00df000 	C:\Program Files\Java\jdk-15.0.1\bin\java.exe
0x00007ffa27c10000 - 0x00007ffa27e06000 	C:\Windows\SYSTEM32\ntdll.dll
0x00007ffa26030000 - 0x00007ffa260ed000 	C:\Windows\System32\KERNEL32.DLL
0x00007ffa25810000 - 0x00007ffa25ad9000 	C:\Windows\System32\KERNELBASE.dll
0x00007ffa254e0000 - 0x00007ffa255e0000 	C:\Windows\System32\ucrtbase.dll
0x00007ffa1fa80000 - 0x00007ffa1fa99000 	C:\Program Files\Java\jdk-15.0.1\bin\VCRUNTIME140.dll
0x00007ffa13880000 - 0x00007ffa13898000 	C:\Program Files\Java\jdk-15.0.1\bin\jli.dll
0x00007ffa26770000 - 0x00007ffa2681c000 	C:\Windows\System32\ADVAPI32.dll
0x00007ffa25e40000 - 0x00007ffa25ede000 	C:\Windows\System32\msvcrt.dll
0x00007ffa26820000 - 0x00007ffa268bc000 	C:\Windows\System32\sechost.dll
0x00007ffa275e0000 - 0x00007ffa2770b000 	C:\Windows\System32\RPCRT4.dll
0x00007ffa263a0000 - 0x00007ffa26540000 	C:\Windows\System32\USER32.dll
0x00007ffa25c40000 - 0x00007ffa25c62000 	C:\Windows\System32\win32u.dll
0x00007ffa17670000 - 0x00007ffa1790b000 	C:\Windows\WinSxS\amd64_microsoft.windows.common-controls_6595b64144ccf1df_6.0.19041.746_none_ca02b4b61b8320a4\COMCTL32.dll
0x00007ffa27a70000 - 0x00007ffa27a9a000 	C:\Windows\System32\GDI32.dll
0x00007ffa253d0000 - 0x00007ffa254db000 	C:\Windows\System32\gdi32full.dll
0x00007ffa255e0000 - 0x00007ffa2567d000 	C:\Windows\System32\msvcp_win.dll
0x00007ffa1cd90000 - 0x00007ffa1cd9a000 	C:\Windows\SYSTEM32\VERSION.dll
0x00007ffa262b0000 - 0x00007ffa262e0000 	C:\Windows\System32\IMM32.DLL
0x00007ffa20f30000 - 0x00007ffa20f3c000 	C:\Program Files\Java\jdk-15.0.1\bin\vcruntime140_1.dll
0x00007ffa13140000 - 0x00007ffa131d1000 	C:\Program Files\Java\jdk-15.0.1\bin\msvcp140.dll
0x00007ffa01b50000 - 0x00007ffa026ae000 	C:\Program Files\Java\jdk-15.0.1\bin\server\jvm.dll
0x00007ffa262a0000 - 0x00007ffa262a8000 	C:\Windows\System32\PSAPI.DLL
0x00007ffa185f0000 - 0x00007ffa185f9000 	C:\Windows\SYSTEM32\WSOCK32.dll
0x00007ffa25dd0000 - 0x00007ffa25e3b000 	C:\Windows\System32\WS2_32.dll
0x00007ffa1cd60000 - 0x00007ffa1cd87000 	C:\Windows\SYSTEM32\WINMM.dll
0x00007ffa232c0000 - 0x00007ffa232d2000 	C:\Windows\SYSTEM32\kernel.appcore.dll
0x00007ffa1fa70000 - 0x00007ffa1fa7a000 	C:\Program Files\Java\jdk-15.0.1\bin\jimage.dll
0x00007ffa20470000 - 0x00007ffa20654000 	C:\Windows\SYSTEM32\DBGHELP.DLL
0x00007ffa1ee50000 - 0x00007ffa1ee7c000 	C:\Windows\SYSTEM32\dbgcore.DLL
0x00007ffa25790000 - 0x00007ffa25810000 	C:\Windows\System32\bcryptPrimitives.dll
0x00007ffa15b30000 - 0x00007ffa15b55000 	C:\Program Files\Java\jdk-15.0.1\bin\java.dll

dbghelp: loaded successfully - version: 4.0.5 - missing functions: none
symbol engine: initialized successfully - sym options: 0x614 - pdb path: .;C:\Program Files\Java\jdk-15.0.1\bin;C:\Windows\SYSTEM32;C:\Windows\WinSxS\amd64_microsoft.windows.common-controls_6595b64144ccf1df_6.0.19041.746_none_ca02b4b61b8320a4;C:\Program Files\Java\jdk-15.0.1\bin\server

VM Arguments:
jvm_args: -Dfile.encoding=UTF-8 --module-path=K:\Обучение\2 Trimester\Java\NET\END_V1\build\classes 
java_command: Shop
java_class_path (initial): K:\NetBeans-12.2\netbeans\java\modules\ext\AbsoluteLayout.jar;K:\Downloads\postgresql-42.2.19.jar;K:\NetBeans-12.2\netbeans\ide\modules\ext\postgresql-42.2.16.jar;K:\Обучение\2 Trimester\Java\NET\END_V1\build\classes
Launcher Type: SUN_STANDARD

[Global flags]
     intx CICompilerCount                          = 4                                         {product} {ergonomic}
     uint ConcGCThreads                            = 3                                         {product} {ergonomic}
     uint G1ConcRefinementThreads                  = 10                                        {product} {ergonomic}
   size_t G1HeapRegionSize                         = 2097152                                   {product} {ergonomic}
    uintx GCDrainStackTargetSize                   = 64                                        {product} {ergonomic}
   size_t InitialHeapSize                          = 268435456                                 {product} {ergonomic}
   size_t MarkStackSize                            = 4194304                                   {product} {ergonomic}
   size_t MaxHeapSize                              = 4278190080                                {product} {ergonomic}
   size_t MinHeapDeltaBytes                        = 2097152                                   {product} {ergonomic}
   size_t MinHeapSize                              = 8388608                                   {product} {ergonomic}
    uintx NonNMethodCodeHeapSize                   = 5839372                                {pd product} {ergonomic}
    uintx NonProfiledCodeHeapSize                  = 122909434                              {pd product} {ergonomic}
    uintx ProfiledCodeHeapSize                     = 122909434                              {pd product} {ergonomic}
    uintx ReservedCodeCacheSize                    = 251658240                              {pd product} {ergonomic}
     bool SegmentedCodeCache                       = true                                      {product} {ergonomic}
   size_t SoftMaxHeapSize                          = 4278190080                             {manageable} {ergonomic}
     bool UseCompressedClassPointers               = true                                 {lp64_product} {ergonomic}
     bool UseCompressedOops                        = true                                 {lp64_product} {ergonomic}
     bool UseG1GC                                  = true                                      {product} {ergonomic}
     bool UseLargePagesIndividualAllocation        = false                                  {pd product} {ergonomic}

Logging:
Log output configuration:
 #0: stdout all=warning uptime,level,tags
 #1: stderr all=off uptime,level,tags

Environment Variables:
PATH=C:\Program Files (x86)\NVIDIA Corporation\PhysX\Common;C:\Program Files\Common Files\Oracle\Java\javapath;C:\Program Files (x86)\Common Files\Intel\Shared Libraries\redist\intel64_win\compiler;C:\Windows\system32;C:\Windows;C:\Windows\System32\Wbem;C:\Windows\System32\WindowsPowerShell\v1.0\;C:\Windows\System32\OpenSSH\;C:\Users\Rexdou\AppData\Local\Microsoft\WindowsApps;C:\Users\Rexdou\AppData\Local\atom\bin
USERNAME=Rexdou
OS=Windows_NT
PROCESSOR_IDENTIFIER=AMD64 Family 23 Model 8 Stepping 2, AuthenticAMD



---------------  S Y S T E M  ---------------

OS:
 Windows 10 , 64 bit Build 19041 (10.0.19041.804)
OS uptime: 0 days 10:26 hours

CPU: total 12 (initial active 12) (12 cores per cpu, 2 threads per core) family 23 model 8 stepping 2 microcode 0x0, cmov, cx8, fxsr, mmx, sse, sse2, sse3, ssse3, sse4.1, sse4.2, popcnt, vzeroupper, avx, avx2, aes, clmul, 3dnowpref, lzcnt, sse4a, ht, tsc, tscinvbit, tscinv, bmi1, bmi2, adx, sha, fma, clflush, clflushopt

Memory: 4k page, system-wide physical 16315M (8733M free)
TotalPageFile size 28315M (AvailPageFile size 143M)
current process WorkingSet (physical memory assigned to process): 10M, peak: 10M
current process commit charge ("private bytes"): 64M, peak: 320M

vm_info: Java HotSpot(TM) 64-Bit Server VM (15.0.1+9-18) for windows-amd64 JRE (15.0.1+9-18), built on Sep 15 2020 14:43:54 by "mach5one" with unknown MS VC++:1925

END.
