#
# There is insufficient memory for the Java Runtime Environment to continue.
# Native memory allocation (malloc) failed to allocate 662944 bytes for Chunk::new
# Possible reasons:
#   The system is out of physical RAM or swap space
#   The process is running with CompressedOops enabled, and the Java Heap may be blocking the growth of the native heap
# Possible solutions:
#   Reduce memory load on the system
#   Increase physical memory or swap space
#   Check if swap backing store is full
#   Decrease Java heap size (-Xmx/-Xms)
#   Decrease number of Java threads
#   Decrease Java thread stack sizes (-Xss)
#   Set larger code cache with -XX:ReservedCodeCacheSize=
#   JVM is running with Zero Based Compressed Oops mode in which the Java heap is
#     placed in the first 32GB address space. The Java Heap base address is the
#     maximum limit for the native heap growth. Please use -XX:HeapBaseMinAddress
#     to set the Java Heap base and to place the Java Heap above 32GB virtual address.
# This output file may be truncated or incomplete.
#
#  Out of Memory Error (./open/src/hotspot/share/memory/arena.cpp:195), pid=10144, tid=17540
#
# JRE version: Java(TM) SE Runtime Environment (15.0.1+9) (build 15.0.1+9-18)
# Java VM: Java HotSpot(TM) 64-Bit Server VM (15.0.1+9-18, mixed mode, sharing, tiered, compressed oops, g1 gc, windows-amd64)
# No core dump will be written. Minidumps are not enabled by default on client versions of Windows
#

---------------  S U M M A R Y ------------

Command Line: -Dfile.encoding=UTF-8 --module-path=K:\Обучение\2 Trimester\Java\NET\END_V1\build\classes Shop

Host: AMD Ryzen 5 2600 Six-Core Processor            , 12 cores, 15G,  Windows 10 , 64 bit Build 19041 (10.0.19041.804)
Time: Sun Mar  7 19:49:54 2021 Центральная Азия (зима) elapsed time: 0.914395 seconds (0d 0h 0m 0s)

---------------  T H R E A D  ---------------

Current thread (0x000001ad3e206c00):  JavaThread "C2 CompilerThread0" daemon [_thread_in_native, id=17540, stack(0x000000715ba00000,0x000000715bb00000)]


Current CompileTask:
C2:    914 1422   !   4       com.sun.crypto.provider.PBKDF2KeyImpl::deriveKey (295 bytes)

Stack: [0x000000715ba00000,0x000000715bb00000]
Native frames: (J=compiled Java code, j=interpreted, Vv=VM code, C=native code)
V  [jvm.dll+0x62ae9a]
V  [jvm.dll+0x781389]
V  [jvm.dll+0x782ae3]
V  [jvm.dll+0x783143]
V  [jvm.dll+0x216265]
V  [jvm.dll+0x97efa]
V  [jvm.dll+0x985dc]
V  [jvm.dll+0x32e525]
V  [jvm.dll+0x18e2e1]
V  [jvm.dll+0x1ea762]
V  [jvm.dll+0x1e98ae]
V  [jvm.dll+0x1784c7]
V  [jvm.dll+0x1f9165]
V  [jvm.dll+0x1f720c]
V  [jvm.dll+0x74485d]
V  [jvm.dll+0x73d65a]
V  [jvm.dll+0x629c56]
C  [ucrtbase.dll+0x21bb2]
C  [KERNEL32.DLL+0x17034]
C  [ntdll.dll+0x4d241]


---------------  P R O C E S S  ---------------

Threads class SMR info:
_java_thread_list=0x000001ad452d3b20, length=18, elements={
0x000001ad3e1e8d70, 0x000001ad3e1e9940, 0x000001ad3e2038b0, 0x000001ad3e204360,
0x000001ad3e204e10, 0x000001ad3e206c00, 0x000001ad3e20dbc0, 0x000001ad3e2174e0,
0x000001ad3e31fd10, 0x000001ad3e3b8c30, 0x000001ad3e8785f0, 0x000001ad3e878e10,
0x000001ad3e87b510, 0x000001ad3e8f3830, 0x000001ad17e2dba0, 0x000001ad3ed59dc0,
0x000001ad452a91a0, 0x000001ad45488680
}

Java Threads: ( => current thread )
  0x000001ad3e1e8d70 JavaThread "Reference Handler" daemon [_thread_blocked, id=15228, stack(0x000000715b500000,0x000000715b600000)]
  0x000001ad3e1e9940 JavaThread "Finalizer" daemon [_thread_blocked, id=1224, stack(0x000000715b600000,0x000000715b700000)]
  0x000001ad3e2038b0 JavaThread "Signal Dispatcher" daemon [_thread_blocked, id=12484, stack(0x000000715b700000,0x000000715b800000)]
  0x000001ad3e204360 JavaThread "Attach Listener" daemon [_thread_blocked, id=1968, stack(0x000000715b800000,0x000000715b900000)]
  0x000001ad3e204e10 JavaThread "Service Thread" daemon [_thread_blocked, id=2316, stack(0x000000715b900000,0x000000715ba00000)]
=>0x000001ad3e206c00 JavaThread "C2 CompilerThread0" daemon [_thread_in_native, id=17540, stack(0x000000715ba00000,0x000000715bb00000)]
  0x000001ad3e20dbc0 JavaThread "C1 CompilerThread0" daemon [_thread_blocked, id=18252, stack(0x000000715bb00000,0x000000715bc00000)]
  0x000001ad3e2174e0 JavaThread "Sweeper thread" daemon [_thread_blocked, id=10612, stack(0x000000715bc00000,0x000000715bd00000)]
  0x000001ad3e31fd10 JavaThread "Common-Cleaner" daemon [_thread_blocked, id=296, stack(0x000000715bd00000,0x000000715be00000)]
  0x000001ad3e3b8c30 JavaThread "Notification Thread" daemon [_thread_blocked, id=7984, stack(0x000000715be00000,0x000000715bf00000)]
  0x000001ad3e8785f0 JavaThread "Java2D Disposer" daemon [_thread_blocked, id=13272, stack(0x000000715c100000,0x000000715c200000)]
  0x000001ad3e878e10 JavaThread "AWT-Shutdown" [_thread_blocked, id=17988, stack(0x000000715c200000,0x000000715c300000)]
  0x000001ad3e87b510 JavaThread "AWT-Windows" daemon [_thread_in_native, id=2964, stack(0x000000715c300000,0x000000715c400000)]
  0x000001ad3e8f3830 JavaThread "AWT-EventQueue-0" [_thread_in_native, id=5988, stack(0x000000715c400000,0x000000715c500000)]
  0x000001ad17e2dba0 JavaThread "DestroyJavaVM" [_thread_blocked, id=11252, stack(0x000000715ae00000,0x000000715af00000)]
  0x000001ad3ed59dc0 JavaThread "Image Fetcher 0" daemon [_thread_blocked, id=7744, stack(0x000000715cf00000,0x000000715d000000)]
  0x000001ad452a91a0 JavaThread "D3D Screen Updater" daemon [_thread_blocked, id=1772, stack(0x000000715c000000,0x000000715c100000)]
  0x000001ad45488680 JavaThread "C2 CompilerThread1" daemon [_thread_in_native, id=11904, stack(0x000000715d200000,0x000000715d300000)]

Other Threads:
  0x000001ad3e1e24c0 VMThread "VM Thread" [stack: 0x000000715b400000,0x000000715b500000] [id=13848]
  0x000001ad17e2ed50 WatcherThread [stack: 0x000000715bf00000,0x000000715c000000] [id=14844]
  0x000001ad17e7e6b0 GCTaskThread "GC Thread#0" [stack: 0x000000715af00000,0x000000715b000000] [id=10940]
  0x000001ad17e90890 ConcurrentGCThread "G1 Main Marker" [stack: 0x000000715b000000,0x000000715b100000] [id=16336]
  0x000001ad17e92c30 ConcurrentGCThread "G1 Conc#0" [stack: 0x000000715b100000,0x000000715b200000] [id=8308]
  0x000001ad17f0ea00 ConcurrentGCThread "G1 Refine#0" [stack: 0x000000715b200000,0x000000715b300000] [id=1812]
  0x000001ad3d8564e0 ConcurrentGCThread "G1 Young RemSet Sampling" [stack: 0x000000715b300000,0x000000715b400000] [id=18116]

Threads with active compile tasks:
C2 CompilerThread0      931 1422   !   4       com.sun.crypto.provider.PBKDF2KeyImpl::deriveKey (295 bytes)
C2 CompilerThread1      931 1421       4       sun.security.provider.SHA2::implDigest (98 bytes)

VM state: not at safepoint (normal execution)

VM Mutex/Monitor currently owned by a thread: None

Heap address: 0x0000000701000000, size: 4080 MB, Compressed Oops mode: Zero based, Oop shift amount: 3
CDS archive(s) mapped at: [0x0000000800000000-0x0000000800b50000-0x0000000800b50000), size 11862016, SharedBaseAddress: 0x0000000800000000, ArchiveRelocationMode: 0.
Compressed class space mapped at: 0x0000000800b50000-0x0000000840b50000, size: 1073741824
Narrow klass base: 0x0000000800000000, Narrow klass shift: 3, Narrow klass range: 0x100000000

GC Precious Log:
 CPUs: 12 total, 12 available
 Memory: 16315M
 Large Page Support: Disabled
 NUMA Support: Disabled
 Compressed Oops: Enabled (Zero based)
 Heap Region Size: 2M
 Heap Min Capacity: 8M
 Heap Initial Capacity: 256M
 Heap Max Capacity: 4080M
 Pre-touch: Disabled
 Parallel Workers: 10
 Concurrent Workers: 3
 Concurrent Refinement Workers: 10
 Periodic GC: Disabled

Heap:
 garbage-first heap   total 262144K, used 16384K [0x0000000701000000, 0x0000000800000000)
  region size 2048K, 9 young (18432K), 0 survivors (0K)
 Metaspace       used 15635K, capacity 15908K, committed 16128K, reserved 1062912K
  class space    used 1874K, capacity 1947K, committed 2048K, reserved 1048576K

Heap Regions: E=young(eden), S=young(survivor), O=old, HS=humongous(starts), HC=humongous(continues), CS=collection set, F=free, OA=open archive, CA=closed archive, TAMS=top-at-mark-start (previous, next)
|   0|0x0000000701000000, 0x0000000701000000, 0x0000000701200000|  0%| F|  |TAMS 0x0000000701000000, 0x0000000701000000| Untracked 
|   1|0x0000000701200000, 0x0000000701200000, 0x0000000701400000|  0%| F|  |TAMS 0x0000000701200000, 0x0000000701200000| Untracked 
|   2|0x0000000701400000, 0x0000000701400000, 0x0000000701600000|  0%| F|  |TAMS 0x0000000701400000, 0x0000000701400000| Untracked 
|   3|0x0000000701600000, 0x0000000701600000, 0x0000000701800000|  0%| F|  |TAMS 0x0000000701600000, 0x0000000701600000| Untracked 
|   4|0x0000000701800000, 0x0000000701800000, 0x0000000701a00000|  0%| F|  |TAMS 0x0000000701800000, 0x0000000701800000| Untracked 
|   5|0x0000000701a00000, 0x0000000701a00000, 0x0000000701c00000|  0%| F|  |TAMS 0x0000000701a00000, 0x0000000701a00000| Untracked 
|   6|0x0000000701c00000, 0x0000000701c00000, 0x0000000701e00000|  0%| F|  |TAMS 0x0000000701c00000, 0x0000000701c00000| Untracked 
|   7|0x0000000701e00000, 0x0000000701e00000, 0x0000000702000000|  0%| F|  |TAMS 0x0000000701e00000, 0x0000000701e00000| Untracked 
|   8|0x0000000702000000, 0x0000000702000000, 0x0000000702200000|  0%| F|  |TAMS 0x0000000702000000, 0x0000000702000000| Untracked 
|   9|0x0000000702200000, 0x0000000702200000, 0x0000000702400000|  0%| F|  |TAMS 0x0000000702200000, 0x0000000702200000| Untracked 
|  10|0x0000000702400000, 0x0000000702400000, 0x0000000702600000|  0%| F|  |TAMS 0x0000000702400000, 0x0000000702400000| Untracked 
|  11|0x0000000702600000, 0x0000000702600000, 0x0000000702800000|  0%| F|  |TAMS 0x0000000702600000, 0x0000000702600000| Untracked 
|  12|0x0000000702800000, 0x0000000702800000, 0x0000000702a00000|  0%| F|  |TAMS 0x0000000702800000, 0x0000000702800000| Untracked 
|  13|0x0000000702a00000, 0x0000000702a00000, 0x0000000702c00000|  0%| F|  |TAMS 0x0000000702a00000, 0x0000000702a00000| Untracked 
|  14|0x0000000702c00000, 0x0000000702c00000, 0x0000000702e00000|  0%| F|  |TAMS 0x0000000702c00000, 0x0000000702c00000| Untracked 
|  15|0x0000000702e00000, 0x0000000702e00000, 0x0000000703000000|  0%| F|  |TAMS 0x0000000702e00000, 0x0000000702e00000| Untracked 
|  16|0x0000000703000000, 0x0000000703000000, 0x0000000703200000|  0%| F|  |TAMS 0x0000000703000000, 0x0000000703000000| Untracked 
|  17|0x0000000703200000, 0x0000000703200000, 0x0000000703400000|  0%| F|  |TAMS 0x0000000703200000, 0x0000000703200000| Untracked 
|  18|0x0000000703400000, 0x0000000703400000, 0x0000000703600000|  0%| F|  |TAMS 0x0000000703400000, 0x0000000703400000| Untracked 
|  19|0x0000000703600000, 0x0000000703600000, 0x0000000703800000|  0%| F|  |TAMS 0x0000000703600000, 0x0000000703600000| Untracked 
|  20|0x0000000703800000, 0x0000000703800000, 0x0000000703a00000|  0%| F|  |TAMS 0x0000000703800000, 0x0000000703800000| Untracked 
|  21|0x0000000703a00000, 0x0000000703a00000, 0x0000000703c00000|  0%| F|  |TAMS 0x0000000703a00000, 0x0000000703a00000| Untracked 
|  22|0x0000000703c00000, 0x0000000703c00000, 0x0000000703e00000|  0%| F|  |TAMS 0x0000000703c00000, 0x0000000703c00000| Untracked 
|  23|0x0000000703e00000, 0x0000000703e00000, 0x0000000704000000|  0%| F|  |TAMS 0x0000000703e00000, 0x0000000703e00000| Untracked 
|  24|0x0000000704000000, 0x0000000704000000, 0x0000000704200000|  0%| F|  |TAMS 0x0000000704000000, 0x0000000704000000| Untracked 
|  25|0x0000000704200000, 0x0000000704200000, 0x0000000704400000|  0%| F|  |TAMS 0x0000000704200000, 0x0000000704200000| Untracked 
|  26|0x0000000704400000, 0x0000000704400000, 0x0000000704600000|  0%| F|  |TAMS 0x0000000704400000, 0x0000000704400000| Untracked 
|  27|0x0000000704600000, 0x0000000704600000, 0x0000000704800000|  0%| F|  |TAMS 0x0000000704600000, 0x0000000704600000| Untracked 
|  28|0x0000000704800000, 0x0000000704800000, 0x0000000704a00000|  0%| F|  |TAMS 0x0000000704800000, 0x0000000704800000| Untracked 
|  29|0x0000000704a00000, 0x0000000704a00000, 0x0000000704c00000|  0%| F|  |TAMS 0x0000000704a00000, 0x0000000704a00000| Untracked 
|  30|0x0000000704c00000, 0x0000000704c00000, 0x0000000704e00000|  0%| F|  |TAMS 0x0000000704c00000, 0x0000000704c00000| Untracked 
|  31|0x0000000704e00000, 0x0000000704e00000, 0x0000000705000000|  0%| F|  |TAMS 0x0000000704e00000, 0x0000000704e00000| Untracked 
|  32|0x0000000705000000, 0x0000000705000000, 0x0000000705200000|  0%| F|  |TAMS 0x0000000705000000, 0x0000000705000000| Untracked 
|  33|0x0000000705200000, 0x0000000705200000, 0x0000000705400000|  0%| F|  |TAMS 0x0000000705200000, 0x0000000705200000| Untracked 
|  34|0x0000000705400000, 0x0000000705400000, 0x0000000705600000|  0%| F|  |TAMS 0x0000000705400000, 0x0000000705400000| Untracked 
|  35|0x0000000705600000, 0x0000000705600000, 0x0000000705800000|  0%| F|  |TAMS 0x0000000705600000, 0x0000000705600000| Untracked 
|  36|0x0000000705800000, 0x0000000705800000, 0x0000000705a00000|  0%| F|  |TAMS 0x0000000705800000, 0x0000000705800000| Untracked 
|  37|0x0000000705a00000, 0x0000000705a00000, 0x0000000705c00000|  0%| F|  |TAMS 0x0000000705a00000, 0x0000000705a00000| Untracked 
|  38|0x0000000705c00000, 0x0000000705c00000, 0x0000000705e00000|  0%| F|  |TAMS 0x0000000705c00000, 0x0000000705c00000| Untracked 
|  39|0x0000000705e00000, 0x0000000705e00000, 0x0000000706000000|  0%| F|  |TAMS 0x0000000705e00000, 0x0000000705e00000| Untracked 
|  40|0x0000000706000000, 0x0000000706000000, 0x0000000706200000|  0%| F|  |TAMS 0x0000000706000000, 0x0000000706000000| Untracked 
|  41|0x0000000706200000, 0x0000000706200000, 0x0000000706400000|  0%| F|  |TAMS 0x0000000706200000, 0x0000000706200000| Untracked 
|  42|0x0000000706400000, 0x0000000706400000, 0x0000000706600000|  0%| F|  |TAMS 0x0000000706400000, 0x0000000706400000| Untracked 
|  43|0x0000000706600000, 0x0000000706600000, 0x0000000706800000|  0%| F|  |TAMS 0x0000000706600000, 0x0000000706600000| Untracked 
|  44|0x0000000706800000, 0x0000000706800000, 0x0000000706a00000|  0%| F|  |TAMS 0x0000000706800000, 0x0000000706800000| Untracked 
|  45|0x0000000706a00000, 0x0000000706a00000, 0x0000000706c00000|  0%| F|  |TAMS 0x0000000706a00000, 0x0000000706a00000| Untracked 
|  46|0x0000000706c00000, 0x0000000706c00000, 0x0000000706e00000|  0%| F|  |TAMS 0x0000000706c00000, 0x0000000706c00000| Untracked 
|  47|0x0000000706e00000, 0x0000000706e00000, 0x0000000707000000|  0%| F|  |TAMS 0x0000000706e00000, 0x0000000706e00000| Untracked 
|  48|0x0000000707000000, 0x0000000707000000, 0x0000000707200000|  0%| F|  |TAMS 0x0000000707000000, 0x0000000707000000| Untracked 
|  49|0x0000000707200000, 0x0000000707200000, 0x0000000707400000|  0%| F|  |TAMS 0x0000000707200000, 0x0000000707200000| Untracked 
|  50|0x0000000707400000, 0x0000000707400000, 0x0000000707600000|  0%| F|  |TAMS 0x0000000707400000, 0x0000000707400000| Untracked 
|  51|0x0000000707600000, 0x0000000707600000, 0x0000000707800000|  0%| F|  |TAMS 0x0000000707600000, 0x0000000707600000| Untracked 
|  52|0x0000000707800000, 0x0000000707800000, 0x0000000707a00000|  0%| F|  |TAMS 0x0000000707800000, 0x0000000707800000| Untracked 
|  53|0x0000000707a00000, 0x0000000707a00000, 0x0000000707c00000|  0%| F|  |TAMS 0x0000000707a00000, 0x0000000707a00000| Untracked 
|  54|0x0000000707c00000, 0x0000000707c00000, 0x0000000707e00000|  0%| F|  |TAMS 0x0000000707c00000, 0x0000000707c00000| Untracked 
|  55|0x0000000707e00000, 0x0000000707e00000, 0x0000000708000000|  0%| F|  |TAMS 0x0000000707e00000, 0x0000000707e00000| Untracked 
|  56|0x0000000708000000, 0x0000000708000000, 0x0000000708200000|  0%| F|  |TAMS 0x0000000708000000, 0x0000000708000000| Untracked 
|  57|0x0000000708200000, 0x0000000708200000, 0x0000000708400000|  0%| F|  |TAMS 0x0000000708200000, 0x0000000708200000| Untracked 
|  58|0x0000000708400000, 0x0000000708400000, 0x0000000708600000|  0%| F|  |TAMS 0x0000000708400000, 0x0000000708400000| Untracked 
|  59|0x0000000708600000, 0x0000000708600000, 0x0000000708800000|  0%| F|  |TAMS 0x0000000708600000, 0x0000000708600000| Untracked 
|  60|0x0000000708800000, 0x0000000708800000, 0x0000000708a00000|  0%| F|  |TAMS 0x0000000708800000, 0x0000000708800000| Untracked 
|  61|0x0000000708a00000, 0x0000000708a00000, 0x0000000708c00000|  0%| F|  |TAMS 0x0000000708a00000, 0x0000000708a00000| Untracked 
|  62|0x0000000708c00000, 0x0000000708c00000, 0x0000000708e00000|  0%| F|  |TAMS 0x0000000708c00000, 0x0000000708c00000| Untracked 
|  63|0x0000000708e00000, 0x0000000708e00000, 0x0000000709000000|  0%| F|  |TAMS 0x0000000708e00000, 0x0000000708e00000| Untracked 
|  64|0x0000000709000000, 0x0000000709000000, 0x0000000709200000|  0%| F|  |TAMS 0x0000000709000000, 0x0000000709000000| Untracked 
|  65|0x0000000709200000, 0x0000000709200000, 0x0000000709400000|  0%| F|  |TAMS 0x0000000709200000, 0x0000000709200000| Untracked 
|  66|0x0000000709400000, 0x0000000709400000, 0x0000000709600000|  0%| F|  |TAMS 0x0000000709400000, 0x0000000709400000| Untracked 
|  67|0x0000000709600000, 0x0000000709600000, 0x0000000709800000|  0%| F|  |TAMS 0x0000000709600000, 0x0000000709600000| Untracked 
|  68|0x0000000709800000, 0x0000000709800000, 0x0000000709a00000|  0%| F|  |TAMS 0x0000000709800000, 0x0000000709800000| Untracked 
|  69|0x0000000709a00000, 0x0000000709a00000, 0x0000000709c00000|  0%| F|  |TAMS 0x0000000709a00000, 0x0000000709a00000| Untracked 
|  70|0x0000000709c00000, 0x0000000709c00000, 0x0000000709e00000|  0%| F|  |TAMS 0x0000000709c00000, 0x0000000709c00000| Untracked 
|  71|0x0000000709e00000, 0x0000000709e00000, 0x000000070a000000|  0%| F|  |TAMS 0x0000000709e00000, 0x0000000709e00000| Untracked 
|  72|0x000000070a000000, 0x000000070a000000, 0x000000070a200000|  0%| F|  |TAMS 0x000000070a000000, 0x000000070a000000| Untracked 
|  73|0x000000070a200000, 0x000000070a200000, 0x000000070a400000|  0%| F|  |TAMS 0x000000070a200000, 0x000000070a200000| Untracked 
|  74|0x000000070a400000, 0x000000070a400000, 0x000000070a600000|  0%| F|  |TAMS 0x000000070a400000, 0x000000070a400000| Untracked 
|  75|0x000000070a600000, 0x000000070a600000, 0x000000070a800000|  0%| F|  |TAMS 0x000000070a600000, 0x000000070a600000| Untracked 
|  76|0x000000070a800000, 0x000000070a800000, 0x000000070aa00000|  0%| F|  |TAMS 0x000000070a800000, 0x000000070a800000| Untracked 
|  77|0x000000070aa00000, 0x000000070aa00000, 0x000000070ac00000|  0%| F|  |TAMS 0x000000070aa00000, 0x000000070aa00000| Untracked 
|  78|0x000000070ac00000, 0x000000070ac00000, 0x000000070ae00000|  0%| F|  |TAMS 0x000000070ac00000, 0x000000070ac00000| Untracked 
|  79|0x000000070ae00000, 0x000000070ae00000, 0x000000070b000000|  0%| F|  |TAMS 0x000000070ae00000, 0x000000070ae00000| Untracked 
|  80|0x000000070b000000, 0x000000070b000000, 0x000000070b200000|  0%| F|  |TAMS 0x000000070b000000, 0x000000070b000000| Untracked 
|  81|0x000000070b200000, 0x000000070b200000, 0x000000070b400000|  0%| F|  |TAMS 0x000000070b200000, 0x000000070b200000| Untracked 
|  82|0x000000070b400000, 0x000000070b400000, 0x000000070b600000|  0%| F|  |TAMS 0x000000070b400000, 0x000000070b400000| Untracked 
|  83|0x000000070b600000, 0x000000070b600000, 0x000000070b800000|  0%| F|  |TAMS 0x000000070b600000, 0x000000070b600000| Untracked 
|  84|0x000000070b800000, 0x000000070b800000, 0x000000070ba00000|  0%| F|  |TAMS 0x000000070b800000, 0x000000070b800000| Untracked 
|  85|0x000000070ba00000, 0x000000070ba00000, 0x000000070bc00000|  0%| F|  |TAMS 0x000000070ba00000, 0x000000070ba00000| Untracked 
|  86|0x000000070bc00000, 0x000000070bc00000, 0x000000070be00000|  0%| F|  |TAMS 0x000000070bc00000, 0x000000070bc00000| Untracked 
|  87|0x000000070be00000, 0x000000070be00000, 0x000000070c000000|  0%| F|  |TAMS 0x000000070be00000, 0x000000070be00000| Untracked 
|  88|0x000000070c000000, 0x000000070c000000, 0x000000070c200000|  0%| F|  |TAMS 0x000000070c000000, 0x000000070c000000| Untracked 
|  89|0x000000070c200000, 0x000000070c200000, 0x000000070c400000|  0%| F|  |TAMS 0x000000070c200000, 0x000000070c200000| Untracked 
|  90|0x000000070c400000, 0x000000070c400000, 0x000000070c600000|  0%| F|  |TAMS 0x000000070c400000, 0x000000070c400000| Untracked 
|  91|0x000000070c600000, 0x000000070c600000, 0x000000070c800000|  0%| F|  |TAMS 0x000000070c600000, 0x000000070c600000| Untracked 
|  92|0x000000070c800000, 0x000000070c800000, 0x000000070ca00000|  0%| F|  |TAMS 0x000000070c800000, 0x000000070c800000| Untracked 
|  93|0x000000070ca00000, 0x000000070ca00000, 0x000000070cc00000|  0%| F|  |TAMS 0x000000070ca00000, 0x000000070ca00000| Untracked 
|  94|0x000000070cc00000, 0x000000070cc00000, 0x000000070ce00000|  0%| F|  |TAMS 0x000000070cc00000, 0x000000070cc00000| Untracked 
|  95|0x000000070ce00000, 0x000000070ce00000, 0x000000070d000000|  0%| F|  |TAMS 0x000000070ce00000, 0x000000070ce00000| Untracked 
|  96|0x000000070d000000, 0x000000070d000000, 0x000000070d200000|  0%| F|  |TAMS 0x000000070d000000, 0x000000070d000000| Untracked 
|  97|0x000000070d200000, 0x000000070d200000, 0x000000070d400000|  0%| F|  |TAMS 0x000000070d200000, 0x000000070d200000| Untracked 
|  98|0x000000070d400000, 0x000000070d400000, 0x000000070d600000|  0%| F|  |TAMS 0x000000070d400000, 0x000000070d400000| Untracked 
|  99|0x000000070d600000, 0x000000070d600000, 0x000000070d800000|  0%| F|  |TAMS 0x000000070d600000, 0x000000070d600000| Untracked 
| 100|0x000000070d800000, 0x000000070d800000, 0x000000070da00000|  0%| F|  |TAMS 0x000000070d800000, 0x000000070d800000| Untracked 
| 101|0x000000070da00000, 0x000000070da00000, 0x000000070dc00000|  0%| F|  |TAMS 0x000000070da00000, 0x000000070da00000| Untracked 
| 102|0x000000070dc00000, 0x000000070dc00000, 0x000000070de00000|  0%| F|  |TAMS 0x000000070dc00000, 0x000000070dc00000| Untracked 
| 103|0x000000070de00000, 0x000000070de00000, 0x000000070e000000|  0%| F|  |TAMS 0x000000070de00000, 0x000000070de00000| Untracked 
| 104|0x000000070e000000, 0x000000070e000000, 0x000000070e200000|  0%| F|  |TAMS 0x000000070e000000, 0x000000070e000000| Untracked 
| 105|0x000000070e200000, 0x000000070e200000, 0x000000070e400000|  0%| F|  |TAMS 0x000000070e200000, 0x000000070e200000| Untracked 
| 106|0x000000070e400000, 0x000000070e400000, 0x000000070e600000|  0%| F|  |TAMS 0x000000070e400000, 0x000000070e400000| Untracked 
| 107|0x000000070e600000, 0x000000070e600000, 0x000000070e800000|  0%| F|  |TAMS 0x000000070e600000, 0x000000070e600000| Untracked 
| 108|0x000000070e800000, 0x000000070e800000, 0x000000070ea00000|  0%| F|  |TAMS 0x000000070e800000, 0x000000070e800000| Untracked 
| 109|0x000000070ea00000, 0x000000070ea00000, 0x000000070ec00000|  0%| F|  |TAMS 0x000000070ea00000, 0x000000070ea00000| Untracked 
| 110|0x000000070ec00000, 0x000000070ec00000, 0x000000070ee00000|  0%| F|  |TAMS 0x000000070ec00000, 0x000000070ec00000| Untracked 
| 111|0x000000070ee00000, 0x000000070ee00000, 0x000000070f000000|  0%| F|  |TAMS 0x000000070ee00000, 0x000000070ee00000| Untracked 
| 112|0x000000070f000000, 0x000000070f000000, 0x000000070f200000|  0%| F|  |TAMS 0x000000070f000000, 0x000000070f000000| Untracked 
| 113|0x000000070f200000, 0x000000070f200000, 0x000000070f400000|  0%| F|  |TAMS 0x000000070f200000, 0x000000070f200000| Untracked 
| 114|0x000000070f400000, 0x000000070f400000, 0x000000070f600000|  0%| F|  |TAMS 0x000000070f400000, 0x000000070f400000| Untracked 
| 115|0x000000070f600000, 0x000000070f600000, 0x000000070f800000|  0%| F|  |TAMS 0x000000070f600000, 0x000000070f600000| Untracked 
| 116|0x000000070f800000, 0x000000070f800000, 0x000000070fa00000|  0%| F|  |TAMS 0x000000070f800000, 0x000000070f800000| Untracked 
| 117|0x000000070fa00000, 0x000000070fa00000, 0x000000070fc00000|  0%| F|  |TAMS 0x000000070fa00000, 0x000000070fa00000| Untracked 
| 118|0x000000070fc00000, 0x000000070fc00000, 0x000000070fe00000|  0%| F|  |TAMS 0x000000070fc00000, 0x000000070fc00000| Untracked 
| 119|0x000000070fe00000, 0x000000070ff02cc0, 0x0000000710000000| 50%| E|  |TAMS 0x000000070fe00000, 0x000000070fe00000| Complete 
| 120|0x0000000710000000, 0x0000000710200000, 0x0000000710200000|100%| E|CS|TAMS 0x0000000710000000, 0x0000000710000000| Complete 
| 121|0x0000000710200000, 0x0000000710400000, 0x0000000710400000|100%| E|CS|TAMS 0x0000000710200000, 0x0000000710200000| Complete 
| 122|0x0000000710400000, 0x0000000710600000, 0x0000000710600000|100%| E|CS|TAMS 0x0000000710400000, 0x0000000710400000| Complete 
| 123|0x0000000710600000, 0x0000000710800000, 0x0000000710800000|100%| E|CS|TAMS 0x0000000710600000, 0x0000000710600000| Complete 
| 124|0x0000000710800000, 0x0000000710a00000, 0x0000000710a00000|100%| E|CS|TAMS 0x0000000710800000, 0x0000000710800000| Complete 
| 125|0x0000000710a00000, 0x0000000710c00000, 0x0000000710c00000|100%| E|CS|TAMS 0x0000000710a00000, 0x0000000710a00000| Complete 
| 126|0x0000000710c00000, 0x0000000710e00000, 0x0000000710e00000|100%| E|CS|TAMS 0x0000000710c00000, 0x0000000710c00000| Complete 
| 127|0x0000000710e00000, 0x0000000711000000, 0x0000000711000000|100%| E|CS|TAMS 0x0000000710e00000, 0x0000000710e00000| Complete 

Card table byte_map: [0x000001ad31d00000,0x000001ad32500000] _byte_map_base: 0x000001ad2e4f8000

Marking Bits (Prev, Next): (CMBitMap*) 0x000001ad17e7ff30, (CMBitMap*) 0x000001ad17e7ff70
 Prev Bits: [0x000001ad32d00000, 0x000001ad36cc0000)
 Next Bits: [0x000001ad36cc0000, 0x000001ad3ac80000)

Polling page: 0x000001ad17f10000

Metaspace:

Usage:
  Non-class:     13.63 MB capacity,    13.47 MB ( 99%) used,   149.22 KB (  1%) free+waste,    20.19 KB ( <1%) overhead. 
      Class:      1.90 MB capacity,     1.83 MB ( 96%) used,    60.16 KB (  3%) free+waste,     8.06 KB ( <1%) overhead. 
       Both:     15.54 MB capacity,    15.30 MB ( 99%) used,   209.38 KB (  1%) free+waste,    28.25 KB ( <1%) overhead. 

Virtual space:
  Non-class space:       14.00 MB reserved,      13.75 MB ( 98%) committed 
      Class space:        1.00 GB reserved,       2.00 MB ( <1%) committed 
             Both:        1.01 GB reserved,      15.75 MB (  2%) committed 

Chunk freelists:
   Non-Class:  55.00 KB
       Class:  5.00 KB
        Both:  60.00 KB

MaxMetaspaceSize: 17179869184.00 GB
CompressedClassSpaceSize: 1.00 GB

CodeHeap 'non-profiled nmethods': size=120000Kb used=542Kb max_used=542Kb free=119457Kb
 bounds [0x000001ad29340000, 0x000001ad295b0000, 0x000001ad30870000]
CodeHeap 'profiled nmethods': size=120000Kb used=2464Kb max_used=2464Kb free=117535Kb
 bounds [0x000001ad21e10000, 0x000001ad22080000, 0x000001ad29340000]
CodeHeap 'non-nmethods': size=5760Kb used=1376Kb max_used=1397Kb free=4384Kb
 bounds [0x000001ad21870000, 0x000001ad21ae0000, 0x000001ad21e10000]
 total_blobs=2165 nmethods=1477 adapters=600
 compilation: enabled
              stopped_count=0, restarted_count=0
 full_count=0

Compilation events (20 events):
Event: 0.882 Thread 0x000001ad3e20dbc0 1439       3       javax.swing.ArrayTable::get (80 bytes)
Event: 0.882 Thread 0x000001ad3e20dbc0 nmethod 1439 0x000001ad2206b090 code [0x000001ad2206b280, 0x000001ad2206ba98]
Event: 0.882 Thread 0x000001ad3e20dbc0 1438       3       javax.swing.plaf.synth.SynthContext::<init> (5 bytes)
Event: 0.882 Thread 0x000001ad3e20dbc0 nmethod 1438 0x000001ad2206bc90 code [0x000001ad2206be20, 0x000001ad2206bf78]
Event: 0.883 Thread 0x000001ad3e20dbc0 1440       3       javax.swing.plaf.synth.SynthContext::getContext (11 bytes)
Event: 0.883 Thread 0x000001ad3e20dbc0 nmethod 1440 0x000001ad2206c010 code [0x000001ad2206c200, 0x000001ad2206c6b8]
Event: 0.883 Thread 0x000001ad3e20dbc0 1441       3       javax.swing.plaf.synth.SynthLookAndFeel::getRegion (5 bytes)
Event: 0.883 Thread 0x000001ad3e20dbc0 nmethod 1441 0x000001ad2206c890 code [0x000001ad2206ca60, 0x000001ad2206ce68]
Event: 0.884 Thread 0x000001ad3e20dbc0 1442       3       java.util.logging.Logger::isLoggable (27 bytes)
Event: 0.884 Thread 0x000001ad3e20dbc0 nmethod 1442 0x000001ad2206cf90 code [0x000001ad2206d120, 0x000001ad2206d2d8]
Event: 0.886 Thread 0x000001ad3e20dbc0 1443       1       javax.swing.table.TableColumn::getPreferredWidth (5 bytes)
Event: 0.886 Thread 0x000001ad3e20dbc0 nmethod 1443 0x000001ad293c4710 code [0x000001ad293c48a0, 0x000001ad293c4958]
Event: 0.886 Thread 0x000001ad3e20dbc0 1444       3       java.util.Vector::elementData (7 bytes)
Event: 0.886 Thread 0x000001ad3e20dbc0 nmethod 1444 0x000001ad2206d390 code [0x000001ad2206d520, 0x000001ad2206d658]
Event: 0.887 Thread 0x000001ad3e20dbc0 1446       3       java.util.ArrayList::isEmpty (13 bytes)
Event: 0.887 Thread 0x000001ad3e20dbc0 nmethod 1446 0x000001ad2206d710 code [0x000001ad2206d8a0, 0x000001ad2206d9f8]
Event: 0.903 Thread 0x000001ad3e20dbc0 1447       3       java.util.logging.LogManager::getProperty (9 bytes)
Event: 0.903 Thread 0x000001ad3e20dbc0 nmethod 1447 0x000001ad2206da90 code [0x000001ad2206dc40, 0x000001ad2206de08]
Event: 0.905 Thread 0x000001ad3e20dbc0 1448       1       java.awt.Component::getGraphicsConfiguration_NoClientCode (5 bytes)
Event: 0.905 Thread 0x000001ad3e20dbc0 nmethod 1448 0x000001ad293c4d10 code [0x000001ad293c4ea0, 0x000001ad293c4f58]

GC Heap History (0 events):
No events

Deoptimization events (20 events):
Event: 0.678 Thread 0x000001ad3e8f3830 DEOPT PACKING pc=0x000001ad2203cc5e sp=0x000000715c4fd8d0
Event: 0.678 Thread 0x000001ad3e8f3830 DEOPT UNPACKING pc=0x000001ad218be23f sp=0x000000715c4fce28 mode 0
Event: 0.700 Thread 0x000001ad3e8f3830 Uncommon trap: trap_request=0xffffff45 fr.pc=0x000001ad2939d6dc relative=0x00000000000000bc
Event: 0.700 Thread 0x000001ad3e8f3830 Uncommon trap: reason=unstable_if action=reinterpret pc=0x000001ad2939d6dc method=java.lang.CharacterDataLatin1.digit(II)I @ 7 c2
Event: 0.700 Thread 0x000001ad3e8f3830 DEOPT PACKING pc=0x000001ad2939d6dc sp=0x000000715c4fdc90
Event: 0.700 Thread 0x000001ad3e8f3830 DEOPT UNPACKING pc=0x000001ad218be42f sp=0x000000715c4fdb50 mode 2
Event: 0.720 Thread 0x000001ad3e8f3830 Uncommon trap: trap_request=0xffffff45 fr.pc=0x000001ad2939d344 relative=0x00000000000000a4
Event: 0.720 Thread 0x000001ad3e8f3830 Uncommon trap: reason=unstable_if action=reinterpret pc=0x000001ad2939d344 method=java.lang.CharacterDataLatin1.digit(II)I @ 12 c2
Event: 0.720 Thread 0x000001ad3e8f3830 DEOPT PACKING pc=0x000001ad2939d344 sp=0x000000715c4fdd80
Event: 0.720 Thread 0x000001ad3e8f3830 DEOPT UNPACKING pc=0x000001ad218be42f sp=0x000000715c4fdcf8 mode 2
Event: 0.721 Thread 0x000001ad3e8f3830 Uncommon trap: trap_request=0xffffff45 fr.pc=0x000001ad2939fdc4 relative=0x0000000000000364
Event: 0.721 Thread 0x000001ad3e8f3830 Uncommon trap: reason=unstable_if action=reinterpret pc=0x000001ad2939fdc4 method=java.lang.Integer.parseInt(Ljava/lang/String;I)I @ 119 c2
Event: 0.721 Thread 0x000001ad3e8f3830 DEOPT PACKING pc=0x000001ad2939fdc4 sp=0x000000715c4fe010
Event: 0.721 Thread 0x000001ad3e8f3830 DEOPT UNPACKING pc=0x000001ad218be42f sp=0x000000715c4fdf88 mode 2
Event: 0.874 Thread 0x000001ad3e8f3830 DEOPT PACKING pc=0x000001ad2203eb53 sp=0x000000715c4fd9d0
Event: 0.874 Thread 0x000001ad3e8f3830 DEOPT UNPACKING pc=0x000001ad218be23f sp=0x000000715c4fcea8 mode 0
Event: 0.876 Thread 0x000001ad3e8f3830 Uncommon trap: trap_request=0xffffff45 fr.pc=0x000001ad293ba9e0 relative=0x0000000000003ac0
Event: 0.876 Thread 0x000001ad3e8f3830 Uncommon trap: reason=unstable_if action=reinterpret pc=0x000001ad293ba9e0 method=com.sun.crypto.provider.PBKDF2KeyImpl.deriveKey(Ljavax/crypto/Mac;[B[BII)[B @ 172 c2
Event: 0.876 Thread 0x000001ad3e8f3830 DEOPT PACKING pc=0x000001ad293ba9e0 sp=0x000000715c4fd940
Event: 0.876 Thread 0x000001ad3e8f3830 DEOPT UNPACKING pc=0x000001ad218be42f sp=0x000000715c4fd9a8 mode 2

Classes unloaded (0 events):
No events

Classes redefined (0 events):
No events

Internal exceptions (20 events):
Event: 0.221 Thread 0x000001ad17e2dba0 Exception <a 'java/lang/ClassNotFoundException'{0x0000000710b25dc8}: ToolTip> (0x0000000710b25dc8) 
thrown [./open/src/hotspot/share/classfile/systemDictionary.cpp, line 295]
Event: 0.222 Thread 0x000001ad17e2dba0 Exception <a 'java/lang/ClassNotFoundException'{0x0000000710b26718}: Tree> (0x0000000710b26718) 
thrown [./open/src/hotspot/share/classfile/systemDictionary.cpp, line 295]
Event: 0.222 Thread 0x000001ad17e2dba0 Exception <a 'java/lang/ClassNotFoundException'{0x0000000710b26c10}: Tree> (0x0000000710b26c10) 
thrown [./open/src/hotspot/share/classfile/systemDictionary.cpp, line 295]
Event: 0.222 Thread 0x000001ad17e2dba0 Exception <a 'java/lang/ClassNotFoundException'{0x0000000710b26f80}: javax/swing/JTreeCell> (0x0000000710b26f80) 
thrown [./open/src/hotspot/share/classfile/systemDictionary.cpp, line 295]
Event: 0.222 Thread 0x000001ad17e2dba0 Exception <a 'java/lang/ClassNotFoundException'{0x0000000710b27280}: TreeCell> (0x0000000710b27280) 
thrown [./open/src/hotspot/share/classfile/systemDictionary.cpp, line 295]
Event: 0.222 Thread 0x000001ad17e2dba0 Exception <a 'java/lang/ClassNotFoundException'{0x0000000710b27a40}: RootPane> (0x0000000710b27a40) 
thrown [./open/src/hotspot/share/classfile/systemDictionary.cpp, line 295]
Event: 0.223 Thread 0x000001ad17e2dba0 Exception <a 'java/lang/ClassNotFoundException'{0x0000000710b2a890}: com/sun/swing/internal/plaf/metal/resources/spi/metalProvider> (0x0000000710b2a890) 
thrown [./open/src/hotspot/share/classfile/systemDictionary.cpp, line 295]
Event: 0.224 Thread 0x000001ad17e2dba0 Exception <a 'java/lang/ClassNotFoundException'{0x0000000710b2e628}: com/sun/swing/internal/plaf/basic/resources/spi/basicProvider> (0x0000000710b2e628) 
thrown [./open/src/hotspot/share/classfile/systemDictionary.cpp, line 295]
Event: 0.288 Thread 0x000001ad3e8f3830 Exception <a 'java/lang/ClassNotFoundException'{0x0000000710be0500}: com/sun/swing/internal/plaf/synth/resources/spi/synthProvider> (0x0000000710be0500) 
thrown [./open/src/hotspot/share/classfile/systemDictionary.cpp, line 295]
Event: 0.393 Thread 0x000001ad3ed59dc0 Exception <a 'java/lang/NoSuchMethodError'{0x000000071064bb88}: 'java.lang.Object java.lang.invoke.DirectMethodHandle$Holder.newInvokeSpecial(java.lang.Object, java.lang.Object, java.lang.Object, int, int, int, int, int)'> (0x000000071064bb88) 
thrown [./open/src/hotspot/share/interpreter/linkResolver.cpp, line 782]
Event: 0.417 Thread 0x000001ad3e8f3830 Exception <a 'java/lang/NoSuchMethodError'{0x000000071069e600}: 'void java.lang.invoke.DirectMethodHandle$Holder.invokeStaticInit(java.lang.Object)'> (0x000000071069e600) 
thrown [./open/src/hotspot/share/interpreter/linkResolver.cpp, line 782]
Event: 0.522 Thread 0x000001ad3e8f3830 Exception <a 'java/lang/NoSuchMethodError'{0x00000007104bd2b8}: 'void java.lang.invoke.DirectMethodHandle$Holder.invokeStatic(java.lang.Object, java.lang.Object)'> (0x00000007104bd2b8) 
thrown [./open/src/hotspot/share/interpreter/linkResolver.cpp, line 782]
Event: 0.532 Thread 0x000001ad3e8f3830 Exception <a 'java/lang/NoSuchMethodError'{0x00000007104fb2c0}: 'java.lang.Object java.lang.invoke.DirectMethodHandle$Holder.invokeInterface(java.lang.Object, java.lang.Object)'> (0x00000007104fb2c0) 
thrown [./open/src/hotspot/share/interpreter/linkResolver.cpp, line 782]
Event: 0.533 Thread 0x000001ad3e8f3830 Exception <a 'java/lang/NoSuchMethodError'{0x0000000710503c20}: 'java.lang.Object java.lang.invoke.DirectMethodHandle$Holder.invokeStaticInit(java.lang.Object, java.lang.Object, java.lang.Object)'> (0x0000000710503c20) 
thrown [./open/src/hotspot/share/interpreter/linkResolver.cpp, line 782]
Event: 0.535 Thread 0x000001ad3e8f3830 Exception <a 'java/lang/NoSuchMethodError'{0x0000000710529408}: 'int java.lang.invoke.DirectMethodHandle$Holder.invokeSpecial(java.lang.Object, java.lang.Object, java.lang.Object)'> (0x0000000710529408) 
thrown [./open/src/hotspot/share/interpreter/linkResolver.cpp, line 782]
Event: 0.579 Thread 0x000001ad3e8f3830 Exception <a 'java/lang/NoSuchMethodError'{0x00000007105a4c50}: 'void java.lang.invoke.DirectMethodHandle$Holder.invokeStaticInit(java.lang.Object, java.lang.Object)'> (0x00000007105a4c50) 
thrown [./open/src/hotspot/share/interpreter/linkResolver.cpp, line 782]
Event: 0.584 Thread 0x000001ad3e8f3830 Exception <a 'java/lang/NoSuchMethodError'{0x00000007105d1cb8}: 'java.lang.Object java.lang.invoke.DirectMethodHandle$Holder.invokeStaticInit(java.lang.Object, int, int, int, int)'> (0x00000007105d1cb8) 
thrown [./open/src/hotspot/share/interpreter/linkResolver.cpp, line 782]
Event: 0.602 Thread 0x000001ad3e8f3830 Exception <a 'java/lang/NoSuchMethodError'{0x00000007105fadf8}: 'java.lang.Object java.lang.invoke.DirectMethodHandle$Holder.invokeStaticInit(java.lang.Object, java.lang.Object, int, int, int, int)'> (0x00000007105fadf8) 
thrown [./open/src/hotspot/share/interpreter/linkResolver.cpp, line 782]
Event: 0.638 Thread 0x000001ad3e8f3830 Exception <a 'sun/nio/fs/WindowsException'{0x000000071037ebd8}> (0x000000071037ebd8) 
thrown [./open/src/hotspot/share/prims/jni.cpp, line 578]
Event: 0.678 Thread 0x000001ad3e8f3830 Exception <a 'java/lang/NoSuchMethodError'{0x00000007103d3450}: 'void java.lang.invoke.DirectMethodHandle$Holder.invokeStatic(java.lang.Object, java.lang.Object, java.lang.Object)'> (0x00000007103d3450) 
thrown [./open/src/hotspot/share/interpreter/linkResolver.cpp, line 782]

Events (20 events):
Event: 0.903 loading class java/awt/GraphicsCallback done
Event: 0.903 loading class java/awt/GraphicsCallback$PaintCallback done
Event: 0.903 loading class sun/awt/WeakIdentityHashMap$WeakKey
Event: 0.903 loading class sun/awt/WeakIdentityHashMap$WeakKey done
Event: 0.903 loading class sun/awt/image/BufferedImageGraphicsConfig
Event: 0.903 loading class sun/awt/image/BufferedImageGraphicsConfig done
Event: 0.903 loading class sun/print/PrinterGraphicsConfig
Event: 0.903 loading class sun/print/PrinterGraphicsConfig done
Event: 0.903 loading class sun/java2d/d3d/D3DVolatileSurfaceManager
Event: 0.904 loading class sun/java2d/d3d/D3DVolatileSurfaceManager done
Event: 0.904 loading class java/awt/event/MouseEvent$1
Event: 0.904 loading class sun/awt/AWTAccessor$MouseEventAccessor
Event: 0.904 loading class sun/awt/AWTAccessor$MouseEventAccessor done
Event: 0.904 loading class java/awt/event/MouseEvent$1 done
Event: 0.905 loading class javax/swing/plaf/nimbus/ImageCache
Event: 0.905 loading class javax/swing/plaf/nimbus/ImageCache done
Event: 0.905 loading class java/awt/print/PrinterGraphics
Event: 0.905 loading class java/awt/print/PrinterGraphics done
Event: 0.905 loading class sun/java2d/cmm/CMSManager
Event: 0.906 loading class sun/java2d/cmm/CMSManager done


Dynamic libraries:
0x00007ff6f00d0000 - 0x00007ff6f00df000 	C:\Program Files\Java\jdk-15.0.1\bin\java.exe
0x00007ffa27c10000 - 0x00007ffa27e06000 	C:\Windows\SYSTEM32\ntdll.dll
0x00007ffa26030000 - 0x00007ffa260ed000 	C:\Windows\System32\KERNEL32.DLL
0x00007ffa25810000 - 0x00007ffa25ad9000 	C:\Windows\System32\KERNELBASE.dll
0x00007ffa254e0000 - 0x00007ffa255e0000 	C:\Windows\System32\ucrtbase.dll
0x00007ffa13880000 - 0x00007ffa13898000 	C:\Program Files\Java\jdk-15.0.1\bin\jli.dll
0x00007ffa1fa80000 - 0x00007ffa1fa99000 	C:\Program Files\Java\jdk-15.0.1\bin\VCRUNTIME140.dll
0x00007ffa26770000 - 0x00007ffa2681c000 	C:\Windows\System32\ADVAPI32.dll
0x00007ffa25e40000 - 0x00007ffa25ede000 	C:\Windows\System32\msvcrt.dll
0x00007ffa26820000 - 0x00007ffa268bc000 	C:\Windows\System32\sechost.dll
0x00007ffa275e0000 - 0x00007ffa2770b000 	C:\Windows\System32\RPCRT4.dll
0x00007ffa263a0000 - 0x00007ffa26540000 	C:\Windows\System32\USER32.dll
0x00007ffa25c40000 - 0x00007ffa25c62000 	C:\Windows\System32\win32u.dll
0x00007ffa17670000 - 0x00007ffa1790b000 	C:\Windows\WinSxS\amd64_microsoft.windows.common-controls_6595b64144ccf1df_6.0.19041.746_none_ca02b4b61b8320a4\COMCTL32.dll
0x00007ffa27a70000 - 0x00007ffa27a9a000 	C:\Windows\System32\GDI32.dll
0x00007ffa253d0000 - 0x00007ffa254db000 	C:\Windows\System32\gdi32full.dll
0x00007ffa255e0000 - 0x00007ffa2567d000 	C:\Windows\System32\msvcp_win.dll
0x00007ffa1cd90000 - 0x00007ffa1cd9a000 	C:\Windows\SYSTEM32\VERSION.dll
0x00007ffa262b0000 - 0x00007ffa262e0000 	C:\Windows\System32\IMM32.DLL
0x00007ffa20f30000 - 0x00007ffa20f3c000 	C:\Program Files\Java\jdk-15.0.1\bin\vcruntime140_1.dll
0x00007ffa13140000 - 0x00007ffa131d1000 	C:\Program Files\Java\jdk-15.0.1\bin\msvcp140.dll
0x00007ffa01b50000 - 0x00007ffa026ae000 	C:\Program Files\Java\jdk-15.0.1\bin\server\jvm.dll
0x00007ffa262a0000 - 0x00007ffa262a8000 	C:\Windows\System32\PSAPI.DLL
0x00007ffa1cd60000 - 0x00007ffa1cd87000 	C:\Windows\SYSTEM32\WINMM.dll
0x00007ffa185f0000 - 0x00007ffa185f9000 	C:\Windows\SYSTEM32\WSOCK32.dll
0x00007ffa25dd0000 - 0x00007ffa25e3b000 	C:\Windows\System32\WS2_32.dll
0x00007ffa232c0000 - 0x00007ffa232d2000 	C:\Windows\SYSTEM32\kernel.appcore.dll
0x00007ffa1fa70000 - 0x00007ffa1fa7a000 	C:\Program Files\Java\jdk-15.0.1\bin\jimage.dll
0x00007ffa20470000 - 0x00007ffa20654000 	C:\Windows\SYSTEM32\DBGHELP.DLL
0x00007ffa1ee50000 - 0x00007ffa1ee7c000 	C:\Windows\SYSTEM32\dbgcore.DLL
0x00007ffa25790000 - 0x00007ffa25810000 	C:\Windows\System32\bcryptPrimitives.dll
0x00007ffa15b30000 - 0x00007ffa15b55000 	C:\Program Files\Java\jdk-15.0.1\bin\java.dll
0x00007ffa26e90000 - 0x00007ffa275d2000 	C:\Windows\System32\SHELL32.dll
0x00007ffa234c0000 - 0x00007ffa23c50000 	C:\Windows\SYSTEM32\windows.storage.dll
0x00007ffa27710000 - 0x00007ffa27a66000 	C:\Windows\System32\combase.dll
0x00007ffa24db0000 - 0x00007ffa24ddc000 	C:\Windows\SYSTEM32\Wldp.dll
0x00007ffa262f0000 - 0x00007ffa2639e000 	C:\Windows\System32\SHCORE.dll
0x00007ffa25f40000 - 0x00007ffa25f95000 	C:\Windows\System32\shlwapi.dll
0x00007ffa25280000 - 0x00007ffa252a6000 	C:\Windows\SYSTEM32\profapi.dll
0x00007ffa1f970000 - 0x00007ffa1f989000 	C:\Program Files\Java\jdk-15.0.1\bin\net.dll
0x00007ffa1a040000 - 0x00007ffa1a140000 	C:\Windows\SYSTEM32\WINHTTP.dll
0x00007ffa24b30000 - 0x00007ffa24b9a000 	C:\Windows\system32\mswsock.dll
0x00007ffa15ba0000 - 0x00007ffa15bb2000 	C:\Program Files\Java\jdk-15.0.1\bin\nio.dll
0x00007ffa15a50000 - 0x00007ffa15a68000 	C:\Program Files\Java\jdk-15.0.1\bin\zip.dll
0x00007ffa0cea0000 - 0x00007ffa0d020000 	C:\Program Files\Java\jdk-15.0.1\bin\awt.dll
0x00007ffa26d40000 - 0x00007ffa26e0d000 	C:\Windows\System32\OLEAUT32.dll
0x00007ffa22c40000 - 0x00007ffa22cd0000 	C:\Windows\SYSTEM32\apphelp.dll
0x00007ffa22e00000 - 0x00007ffa22e9e000 	C:\Windows\system32\uxtheme.dll
0x00007ffa265a0000 - 0x00007ffa266b5000 	C:\Windows\System32\MSCTF.dll
0x00007ffa27aa0000 - 0x00007ffa27bca000 	C:\Windows\System32\ole32.dll
0x00007ffa230b0000 - 0x00007ffa230df000 	C:\Windows\system32\DWMAPI.DLL
0x00007ffa0ef40000 - 0x00007ffa0efc5000 	C:\Program Files\Java\jdk-15.0.1\bin\freetype.dll
0x00007ffa0cdf0000 - 0x00007ffa0ce99000 	C:\Program Files\Java\jdk-15.0.1\bin\fontmanager.dll
0x00007ffa01800000 - 0x00007ffa01925000 	C:\Windows\system32\opengl32.dll
0x00007ffa017d0000 - 0x00007ffa017fc000 	C:\Windows\SYSTEM32\GLU32.dll
0x00007ffa12db0000 - 0x00007ffa12f7f000 	C:\Windows\system32\d3d9.dll
0x00007ffa1cda0000 - 0x00007ffa1cf7b000 	C:\Windows\System32\DriverStore\FileRepository\u0363193.inf_amd64_e89a8015b2ee3cd6\B363259\aticfx64.dll
0x00007ff9d2b00000 - 0x00007ff9d2b33000 	C:\Windows\System32\DriverStore\FileRepository\u0363193.inf_amd64_e89a8015b2ee3cd6\B363259\atiu9p64.dll
0x00007ff9d1de0000 - 0x00007ff9d2af2000 	C:\Windows\System32\DriverStore\FileRepository\u0363193.inf_amd64_e89a8015b2ee3cd6\B363259\atiumd64.dll
0x0000000053260000 - 0x000000005411c000 	C:\Windows\System32\DriverStore\FileRepository\u0363193.inf_amd64_e89a8015b2ee3cd6\B363259\atiumd6a.dll
0x00007ffa24940000 - 0x00007ffa2498b000 	C:\Windows\SYSTEM32\POWRPROF.dll
0x00007ffa247b0000 - 0x00007ffa247c2000 	C:\Windows\SYSTEM32\UMPDC.dll
0x00007ffa1ade0000 - 0x00007ffa1ae10000 	C:\Windows\SYSTEM32\amdihk64.dll
0x00007ffa1dc30000 - 0x00007ffa1dc6b000 	C:\Windows\SYSTEM32\dxcore.dll
0x00007ffa25350000 - 0x00007ffa2539e000 	C:\Windows\System32\cfgmgr32.dll
0x00007ffa266c0000 - 0x00007ffa26769000 	C:\Windows\System32\clbcatq.dll
0x00007ffa1faa0000 - 0x00007ffa1fc54000 	C:\Windows\SYSTEM32\WindowsCodecs.dll
0x00007ffa253a0000 - 0x00007ffa253c7000 	C:\Windows\System32\bcrypt.dll
0x00007ffa0c440000 - 0x00007ffa0c47e000 	C:\Windows\system32\dataexchange.dll
0x00007ffa22050000 - 0x00007ffa22237000 	C:\Windows\system32\dcomp.dll
0x00007ffa21120000 - 0x00007ffa21384000 	C:\Windows\system32\d3d11.dll
0x00007ffa23c90000 - 0x00007ffa23d83000 	C:\Windows\system32\dxgi.dll
0x00007ffa1fc70000 - 0x00007ffa1fe71000 	C:\Windows\system32\twinapi.appcore.dll
0x00007ffa24820000 - 0x00007ffa248eb000 	C:\Windows\SYSTEM32\DNSAPI.dll
0x00007ffa247d0000 - 0x00007ffa2480b000 	C:\Windows\SYSTEM32\IPHLPAPI.DLL
0x00007ffa262e0000 - 0x00007ffa262e8000 	C:\Windows\System32\NSI.dll
0x00007ffa19db0000 - 0x00007ffa19dba000 	C:\Windows\System32\rasadhlp.dll
0x00007ffa19fc0000 - 0x00007ffa1a03f000 	C:\Windows\System32\fwpuclnt.dll
0x00007ffa1d950000 - 0x00007ffa1d959000 	C:\Program Files\Java\jdk-15.0.1\bin\management.dll
0x00007ffa15f70000 - 0x00007ffa15f7b000 	C:\Program Files\Java\jdk-15.0.1\bin\management_ext.dll
0x00007ffa24d00000 - 0x00007ffa24d18000 	C:\Windows\SYSTEM32\CRYPTSP.dll
0x00007ffa24460000 - 0x00007ffa24494000 	C:\Windows\system32\rsaenh.dll
0x00007ffa25240000 - 0x00007ffa2526e000 	C:\Windows\SYSTEM32\USERENV.dll
0x00007ffa24d20000 - 0x00007ffa24d2c000 	C:\Windows\SYSTEM32\CRYPTBASE.dll
0x00007ffa19f30000 - 0x00007ffa19f47000 	C:\Windows\SYSTEM32\dhcpcsvc6.DLL
0x00007ffa19f10000 - 0x00007ffa19f2d000 	C:\Windows\SYSTEM32\dhcpcsvc.DLL
0x00007ffa15f40000 - 0x00007ffa15f4d000 	C:\Program Files\Java\jdk-15.0.1\bin\sunmscapi.dll
0x00007ffa25ae0000 - 0x00007ffa25c36000 	C:\Windows\System32\CRYPT32.dll
0x00007ffa24e20000 - 0x00007ffa24e47000 	C:\Windows\SYSTEM32\ncrypt.dll
0x00007ffa24de0000 - 0x00007ffa24e1b000 	C:\Windows\SYSTEM32\NTASN1.dll
0x00007ffa16350000 - 0x00007ffa1644b000 	C:\Windows\SYSTEM32\textinputframework.dll
0x00007ffa225c0000 - 0x00007ffa2291e000 	C:\Windows\System32\CoreUIComponents.dll
0x00007ffa22920000 - 0x00007ffa22a12000 	C:\Windows\System32\CoreMessaging.dll
0x00007ffa24090000 - 0x00007ffa240c3000 	C:\Windows\SYSTEM32\ntmarta.dll
0x00007ffa21ef0000 - 0x00007ffa22044000 	C:\Windows\SYSTEM32\wintypes.dll

dbghelp: loaded successfully - version: 4.0.5 - missing functions: none
symbol engine: initialized successfully - sym options: 0x614 - pdb path: .;C:\Program Files\Java\jdk-15.0.1\bin;C:\Windows\SYSTEM32;C:\Windows\WinSxS\amd64_microsoft.windows.common-controls_6595b64144ccf1df_6.0.19041.746_none_ca02b4b61b8320a4;C:\Program Files\Java\jdk-15.0.1\bin\server;C:\Windows\System32\DriverStore\FileRepository\u0363193.inf_amd64_e89a8015b2ee3cd6\B363259

VM Arguments:
jvm_args: -Dfile.encoding=UTF-8 --module-path=K:\Обучение\2 Trimester\Java\NET\END_V1\build\classes 
java_command: Shop
java_class_path (initial): K:\NetBeans-12.2\netbeans\java\modules\ext\AbsoluteLayout.jar;K:\Downloads\postgresql-42.2.19.jar;K:\NetBeans-12.2\netbeans\ide\modules\ext\postgresql-42.2.16.jar;K:\Обучение\2 Trimester\Java\NET\END_V1\build\classes
Launcher Type: SUN_STANDARD

[Global flags]
     intx CICompilerCount                          = 4                                         {product} {ergonomic}
     uint ConcGCThreads                            = 3                                         {product} {ergonomic}
     uint G1ConcRefinementThreads                  = 10                                        {product} {ergonomic}
   size_t G1HeapRegionSize                         = 2097152                                   {product} {ergonomic}
    uintx GCDrainStackTargetSize                   = 64                                        {product} {ergonomic}
   size_t InitialHeapSize                          = 268435456                                 {product} {ergonomic}
   size_t MarkStackSize                            = 4194304                                   {product} {ergonomic}
   size_t MaxHeapSize                              = 4278190080                                {product} {ergonomic}
   size_t MaxNewSize                               = 2566914048                                {product} {ergonomic}
   size_t MinHeapDeltaBytes                        = 2097152                                   {product} {ergonomic}
   size_t MinHeapSize                              = 8388608                                   {product} {ergonomic}
    uintx NonNMethodCodeHeapSize                   = 5839372                                {pd product} {ergonomic}
    uintx NonProfiledCodeHeapSize                  = 122909434                              {pd product} {ergonomic}
    uintx ProfiledCodeHeapSize                     = 122909434                              {pd product} {ergonomic}
    uintx ReservedCodeCacheSize                    = 251658240                              {pd product} {ergonomic}
     bool SegmentedCodeCache                       = true                                      {product} {ergonomic}
   size_t SoftMaxHeapSize                          = 4278190080                             {manageable} {ergonomic}
     bool UseCompressedClassPointers               = true                                 {lp64_product} {ergonomic}
     bool UseCompressedOops                        = true                                 {lp64_product} {ergonomic}
     bool UseG1GC                                  = true                                      {product} {ergonomic}
     bool UseLargePagesIndividualAllocation        = false                                  {pd product} {ergonomic}

Logging:
Log output configuration:
 #0: stdout all=warning uptime,level,tags
 #1: stderr all=off uptime,level,tags

Environment Variables:
PATH=C:\Program Files (x86)\NVIDIA Corporation\PhysX\Common;C:\Program Files\Common Files\Oracle\Java\javapath;C:\Program Files (x86)\Common Files\Intel\Shared Libraries\redist\intel64_win\compiler;C:\Windows\system32;C:\Windows;C:\Windows\System32\Wbem;C:\Windows\System32\WindowsPowerShell\v1.0\;C:\Windows\System32\OpenSSH\;C:\Users\Rexdou\AppData\Local\Microsoft\WindowsApps;C:\Users\Rexdou\AppData\Local\atom\bin
USERNAME=Rexdou
OS=Windows_NT
PROCESSOR_IDENTIFIER=AMD64 Family 23 Model 8 Stepping 2, AuthenticAMD



---------------  S Y S T E M  ---------------

OS:
 Windows 10 , 64 bit Build 19041 (10.0.19041.804)
OS uptime: 0 days 10:55 hours

CPU: total 12 (initial active 12) (12 cores per cpu, 2 threads per core) family 23 model 8 stepping 2 microcode 0x0, cmov, cx8, fxsr, mmx, sse, sse2, sse3, ssse3, sse4.1, sse4.2, popcnt, vzeroupper, avx, avx2, aes, clmul, 3dnowpref, lzcnt, sse4a, ht, tsc, tscinvbit, tscinv, bmi1, bmi2, adx, sha, fma, clflush, clflushopt

Memory: 4k page, system-wide physical 16315M (9281M free)
TotalPageFile size 28315M (AvailPageFile size 3M)
current process WorkingSet (physical memory assigned to process): 119M, peak: 119M
current process commit charge ("private bytes"): 424M, peak: 425M

vm_info: Java HotSpot(TM) 64-Bit Server VM (15.0.1+9-18) for windows-amd64 JRE (15.0.1+9-18), built on Sep 15 2020 14:43:54 by "mach5one" with unknown MS VC++:1925

END.
